{"C:\\Users\\a-typ\\Documents\\Git\\webterm\\lib\\command.js":{"path":"C:\\Users\\a-typ\\Documents\\Git\\webterm\\lib\\command.js","s":{"1":1,"2":1,"3":1,"4":1,"5":5,"6":5,"7":5,"8":5,"9":5,"10":5,"11":5,"12":10,"13":5,"14":5,"15":5,"16":8,"17":5,"18":8,"19":5,"20":8,"21":5,"22":9,"23":5,"24":1,"25":1,"26":0,"27":1},"b":{"1":[5,5]},"f":{"1":5,"2":10,"3":8,"4":8,"5":8,"6":9,"7":1,"8":1,"9":0},"fnMap":{"1":{"name":"Command","line":6,"loc":{"start":{"line":6,"column":0},"end":{"line":6,"column":33}}},"2":{"name":"(anonymous_2)","line":16,"loc":{"start":{"line":16,"column":16},"end":{"line":16,"column":33}}},"3":{"name":"(anonymous_3)","line":26,"loc":{"start":{"line":26,"column":8},"end":{"line":26,"column":20}}},"4":{"name":"(anonymous_4)","line":34,"loc":{"start":{"line":34,"column":8},"end":{"line":34,"column":20}}},"5":{"name":"(anonymous_5)","line":42,"loc":{"start":{"line":42,"column":8},"end":{"line":42,"column":20}}},"6":{"name":"(anonymous_6)","line":50,"loc":{"start":{"line":50,"column":8},"end":{"line":50,"column":20}}},"7":{"name":"(anonymous_7)","line":57,"loc":{"start":{"line":57,"column":13},"end":{"line":57,"column":25}}},"8":{"name":"(anonymous_8)","line":58,"loc":{"start":{"line":58,"column":22},"end":{"line":58,"column":41}}},"9":{"name":"(anonymous_9)","line":59,"loc":{"start":{"line":59,"column":68},"end":{"line":59,"column":92}}}},"statementMap":{"1":{"start":{"line":2,"column":0},"end":{"line":2,"column":35}},"2":{"start":{"line":3,"column":0},"end":{"line":3,"column":34}},"3":{"start":{"line":4,"column":0},"end":{"line":4,"column":33}},"4":{"start":{"line":6,"column":0},"end":{"line":64,"column":1}},"5":{"start":{"line":7,"column":1},"end":{"line":7,"column":17}},"6":{"start":{"line":9,"column":1},"end":{"line":9,"column":36}},"7":{"start":{"line":10,"column":1},"end":{"line":10,"column":41}},"8":{"start":{"line":11,"column":1},"end":{"line":11,"column":34}},"9":{"start":{"line":14,"column":1},"end":{"line":14,"column":15}},"10":{"start":{"line":15,"column":1},"end":{"line":15,"column":15}},"11":{"start":{"line":16,"column":1},"end":{"line":23,"column":4}},"12":{"start":{"line":17,"column":2},"end":{"line":22,"column":3}},"13":{"start":{"line":18,"column":3},"end":{"line":18,"column":20}},"14":{"start":{"line":21,"column":3},"end":{"line":21,"column":20}},"15":{"start":{"line":25,"column":1},"end":{"line":31,"column":4}},"16":{"start":{"line":27,"column":3},"end":{"line":27,"column":15}},"17":{"start":{"line":33,"column":1},"end":{"line":39,"column":4}},"18":{"start":{"line":35,"column":3},"end":{"line":35,"column":15}},"19":{"start":{"line":41,"column":1},"end":{"line":47,"column":4}},"20":{"start":{"line":43,"column":3},"end":{"line":43,"column":22}},"21":{"start":{"line":49,"column":1},"end":{"line":55,"column":4}},"22":{"start":{"line":51,"column":3},"end":{"line":51,"column":17}},"23":{"start":{"line":57,"column":1},"end":{"line":63,"column":3}},"24":{"start":{"line":58,"column":2},"end":{"line":62,"column":5}},"25":{"start":{"line":59,"column":3},"end":{"line":61,"column":6}},"26":{"start":{"line":60,"column":4},"end":{"line":60,"column":46}},"27":{"start":{"line":66,"column":0},"end":{"line":66,"column":25}}},"branchMap":{"1":{"line":17,"type":"if","locations":[{"start":{"line":17,"column":2},"end":{"line":17,"column":2}},{"start":{"line":17,"column":2},"end":{"line":17,"column":2}}]}}}}