TN:
SF:C:\Users\a-typ\Documents\Git\webterm\lib\command.js
FN:6,Command
FN:16,(anonymous_2)
FN:26,(anonymous_3)
FN:34,(anonymous_4)
FN:42,(anonymous_5)
FN:50,(anonymous_6)
FN:57,(anonymous_7)
FN:58,(anonymous_8)
FN:59,(anonymous_9)
FNF:9
FNH:8
FNDA:5,Command
FNDA:10,(anonymous_2)
FNDA:8,(anonymous_3)
FNDA:8,(anonymous_4)
FNDA:8,(anonymous_5)
FNDA:9,(anonymous_6)
FNDA:1,(anonymous_7)
FNDA:1,(anonymous_8)
FNDA:0,(anonymous_9)
DA:2,1
DA:3,1
DA:4,1
DA:6,1
DA:7,5
DA:9,5
DA:10,5
DA:11,5
DA:14,5
DA:15,5
DA:16,5
DA:17,10
DA:18,5
DA:21,5
DA:25,5
DA:27,8
DA:33,5
DA:35,8
DA:41,5
DA:43,8
DA:49,5
DA:51,9
DA:57,5
DA:58,1
DA:59,1
DA:60,0
DA:66,1
LF:27
LH:26
BRDA:17,1,0,5
BRDA:17,1,1,5
BRF:2
BRH:2
end_of_record
